C:\Users\barte\Desktop\robotframework-robocop\tests\test_data\argument_file\args.txt:1:0 [W] 0508 Section is empty
C:\Users\barte\Desktop\robotframework-robocop\tests\test_data\argument_file\args.txt:1:0 [W] 1002 Missing trailing blank line at the end of file
C:\Users\barte\Desktop\robotframework-robocop\tests\test_data\argument_file\args_nested.txt:1:0 [W] 0508 Section is empty
C:\Users\barte\Desktop\robotframework-robocop\tests\test_data\argument_file\args_nested.txt:3:0 [W] 1002 Missing trailing blank line at the end of file
C:\Users\barte\Desktop\robotframework-robocop\tests\test_data\disabled\disabled.robot:11:0 [W] 0502 Keyword have too few keywords inside (1/2)
C:\Users\barte\Desktop\robotframework-robocop\tests\test_data\disabled\disabled.robot:8:5 [W] 0902 Line is over-indented
C:\Users\barte\Desktop\robotframework-robocop\tests\test_data\disabled\disabled.robot:12:5 [W] 0902 Line is over-indented
C:\Users\barte\Desktop\robotframework-robocop\tests\test_data\disabled\disabled.robot:12:0 [W] 1002 Missing trailing blank line at the end of file
C:\Users\barte\Desktop\robotframework-robocop\tests\test_data\disabled\disabled.robot:5:0 [W] 1003 Invalid number of empty lines between sections (1/2)
C:\Users\barte\Desktop\robotframework-robocop\tests\test_data\disabled\disabled.robot:9:0 [W] 1003 Invalid number of empty lines between sections (1/2)
C:\Users\barte\Desktop\robotframework-robocop\tests\test_data\disabled\enabled.robot:11:0 [W] 0502 Keyword have too few keywords inside (1/2)
C:\Users\barte\Desktop\robotframework-robocop\tests\test_data\disabled\enabled.robot:12:0 [W] 1002 Missing trailing blank line at the end of file
C:\Users\barte\Desktop\robotframework-robocop\tests\test_data\disabled\enabled.robot:5:0 [W] 1003 Invalid number of empty lines between sections (1/2)
C:\Users\barte\Desktop\robotframework-robocop\tests\test_data\disabled\enabled.robot:9:0 [W] 1003 Invalid number of empty lines between sections (1/2)
C:\Users\barte\Desktop\robotframework-robocop\tests\test_data\duplicates.robot:26:0 [E] 0801 Multiple test cases with name "First test case" in suite
C:\Users\barte\Desktop\robotframework-robocop\tests\test_data\duplicates.robot:40:0 [E] 0801 Multiple test cases with name "First test case" in suite
C:\Users\barte\Desktop\robotframework-robocop\tests\test_data\duplicates.robot:47:0 [E] 0802 Multiple keywords with name "First_Keyword" in file
C:\Users\barte\Desktop\robotframework-robocop\tests\test_data\duplicates.robot:57:0 [E] 0802 Multiple keywords with name "First keyword" in file
C:\Users\barte\Desktop\robotframework-robocop\tests\test_data\duplicates.robot:18:0 [E] 0803 Multiple variables with name "${var}" in Variables section. Note that Robot Framework is case insensitive
C:\Users\barte\Desktop\robotframework-robocop\tests\test_data\duplicates.robot:19:0 [E] 0803 Multiple variables with name "${var}" in Variables section. Note that Robot Framework is case insensitive
C:\Users\barte\Desktop\robotframework-robocop\tests\test_data\duplicates.robot:22:0 [E] 0803 Multiple variables with name "@{var}" in Variables section. Note that Robot Framework is case insensitive
C:\Users\barte\Desktop\robotframework-robocop\tests\test_data\duplicates.robot:5:0 [W] 0804 Multiple resource imports with path "resource.robot" in suite
C:\Users\barte\Desktop\robotframework-robocop\tests\test_data\duplicates.robot:9:0 [W] 0804 Multiple resource imports with path "resource.robot" in suite
C:\Users\barte\Desktop\robotframework-robocop\tests\test_data\duplicates.robot:3:0 [W] 0805 Multiple library imports with name "PythonLibrary" and identical arguments in suite
C:\Users\barte\Desktop\robotframework-robocop\tests\test_data\duplicates.robot:4:0 [W] 0805 Multiple library imports with name "PythonLibrary" and identical arguments in suite
C:\Users\barte\Desktop\robotframework-robocop\tests\test_data\duplicates.robot:10:0 [W] 0806 Duplicated metadata "This is some metadata" in suite
C:\Users\barte\Desktop\robotframework-robocop\tests\test_data\duplicates.robot:13:0 [W] 0806 Duplicated metadata "This is some metadata" in suite
C:\Users\barte\Desktop\robotframework-robocop\tests\test_data\duplicates.robot:14:0 [W] 0806 Duplicated metadata "${var}" in suite
C:\Users\barte\Desktop\robotframework-robocop\tests\test_data\duplicates.robot:15:0 [W] 0806 Duplicated metadata "${var}" in suite
C:\Users\barte\Desktop\robotframework-robocop\tests\test_data\duplicates.robot:31:9 [W] 0902 Line is over-indented
C:\Users\barte\Desktop\robotframework-robocop\tests\test_data\duplicates.robot:31:0 [W] 0302 Keyword name should be capitalized
C:\Users\barte\Desktop\robotframework-robocop\tests\test_data\duplicates.robot:32:0 [W] 0302 Keyword name should be capitalized
C:\Users\barte\Desktop\robotframework-robocop\tests\test_data\duplicates.robot:57:0 [W] 0302 Keyword name should be capitalized
C:\Users\barte\Desktop\robotframework-robocop\tests\test_data\duplicates.robot:16:0 [W] 1003 Invalid number of empty lines between sections (1/2)
C:\Users\barte\Desktop\robotframework-robocop\tests\test_data\empty_section.robot:1:0 [W] 0508 Section is empty
C:\Users\barte\Desktop\robotframework-robocop\tests\test_data\empty_section.robot:5:0 [W] 0508 Section is empty
C:\Users\barte\Desktop\robotframework-robocop\tests\test_data\empty_section.robot:6:0 [W] 0508 Section is empty
C:\Users\barte\Desktop\robotframework-robocop\tests\test_data\empty_section.robot:4:1 [W] 1001 Trailing whitespace at the end of line
C:\Users\barte\Desktop\robotframework-robocop\tests\test_data\empty_section.robot:6:17 [W] 1001 Trailing whitespace at the end of line
C:\Users\barte\Desktop\robotframework-robocop\tests\test_data\empty_section.robot:7:25 [W] 1001 Trailing whitespace at the end of line
C:\Users\barte\Desktop\robotframework-robocop\tests\test_data\empty_section.robot:7:0 [W] 1002 Missing trailing blank line at the end of file
C:\Users\barte\Desktop\robotframework-robocop\tests\test_data\empty_section.robot:4:0 [W] 1003 Invalid number of empty lines between sections (3/2)
C:\Users\barte\Desktop\robotframework-robocop\tests\test_data\empty_section.robot:5:0 [W] 1003 Invalid number of empty lines between sections (0/2)
C:\Users\barte\Desktop\robotframework-robocop\tests\test_data\empty_settings.robot:3:9 [W] 0510 Metadata settings does not have any value set
C:\Users\barte\Desktop\robotframework-robocop\tests\test_data\empty_settings.robot:5:11 [W] 0512 Force Tags are empty
C:\Users\barte\Desktop\robotframework-robocop\tests\test_data\empty_settings.robot:6:13 [W] 0513 Default Tags are empty
C:\Users\barte\Desktop\robotframework-robocop\tests\test_data\empty_settings.robot:7:8 [E] 0516 Import library path is empty
C:\Users\barte\Desktop\robotframework-robocop\tests\test_data\empty_settings.robot:8:9 [E] 0515 Import resource path is empty
C:\Users\barte\Desktop\robotframework-robocop\tests\test_data\empty_settings.robot:9:10 [E] 0514 Import variables path is empty
C:\Users\barte\Desktop\robotframework-robocop\tests\test_data\empty_settings.robot:10:12 [E] 0518 Suite Setup does not have any keywords
C:\Users\barte\Desktop\robotframework-robocop\tests\test_data\empty_settings.robot:11:15 [E] 0521 Suite Teardown does not have any keywords
C:\Users\barte\Desktop\robotframework-robocop\tests\test_data\empty_settings.robot:12:11 [E] 0519 Test Setup does not have any keywords
C:\Users\barte\Desktop\robotframework-robocop\tests\test_data\empty_settings.robot:13:14 [E] 0522 Test Teardown does not have any keywords
C:\Users\barte\Desktop\robotframework-robocop\tests\test_data\empty_settings.robot:14:13 [W] 0524 Test Timeout is empty
C:\Users\barte\Desktop\robotframework-robocop\tests\test_data\empty_settings.robot:20:13 [E] 0517 Setup does not have any keywords
C:\Users\barte\Desktop\robotframework-robocop\tests\test_data\empty_settings.robot:21:15 [W] 0523 Timeout is empty
C:\Users\barte\Desktop\robotframework-robocop\tests\test_data\empty_settings.robot:24:16 [E] 0520 Teardown does not have any keywords
C:\Users\barte\Desktop\robotframework-robocop\tests\test_data\empty_settings.robot:29:17 [E] 0525 Arguments are empty
C:\Users\barte\Desktop\robotframework-robocop\tests\test_data\empty_settings.robot:31:15 [W] 0523 Timeout is empty
C:\Users\barte\Desktop\robotframework-robocop\tests\test_data\empty_settings.robot:34:15 [E] 0520 Teardown does not have any keywords
C:\Users\barte\Desktop\robotframework-robocop\tests\test_data\empty_settings.robot:34:0 [W] 1002 Missing trailing blank line at the end of file
C:\Users\barte\Desktop\robotframework-robocop\tests\test_data\indents.robot:62:0 [W] 0702 Missing blank space after comment character
C:\Users\barte\Desktop\robotframework-robocop\tests\test_data\indents.robot:63:0 [W] 0702 Missing blank space after comment character
C:\Users\barte\Desktop\robotframework-robocop\tests\test_data\indents.robot:3:0 [E] 0401 Robot Framework syntax error: Non-existing setting ''.
C:\Users\barte\Desktop\robotframework-robocop\tests\test_data\indents.robot:7:0 [E] 0401 Robot Framework syntax error: Invalid variable name ' ${var}'.
C:\Users\barte\Desktop\robotframework-robocop\tests\test_data\indents.robot:9:0 [E] 0401 Robot Framework syntax error: Invalid variable name ' @{var3}'.
C:\Users\barte\Desktop\robotframework-robocop\tests\test_data\indents.robot:10:0 [E] 0401 Robot Framework syntax error: Invalid variable name ' ...'.
C:\Users\barte\Desktop\robotframework-robocop\tests\test_data\indents.robot:11:0 [E] 0401 Robot Framework syntax error: Invalid variable name ' ...'.
C:\Users\barte\Desktop\robotframework-robocop\tests\test_data\indents.robot:15:0 [E] 0401 Robot Framework syntax error: Invalid variable name ' ...'.
C:\Users\barte\Desktop\robotframework-robocop\tests\test_data\indents.robot:71:0 [W] 0502 Keyword have too few keywords inside (1/2)
C:\Users\barte\Desktop\robotframework-robocop\tests\test_data\indents.robot:25:6 [W] 0902 Line is over-indented
C:\Users\barte\Desktop\robotframework-robocop\tests\test_data\indents.robot:26:6 [W] 0902 Line is over-indented
C:\Users\barte\Desktop\robotframework-robocop\tests\test_data\indents.robot:33:5 [W] 0902 Line is under-indented
C:\Users\barte\Desktop\robotframework-robocop\tests\test_data\indents.robot:34:6 [W] 0902 Line is over-indented
C:\Users\barte\Desktop\robotframework-robocop\tests\test_data\indents.robot:38:6 [W] 0902 Line is over-indented
C:\Users\barte\Desktop\robotframework-robocop\tests\test_data\indents.robot:41:6 [W] 0902 Line is over-indented
C:\Users\barte\Desktop\robotframework-robocop\tests\test_data\indents.robot:59:4 [W] 0902 Line is under-indented
C:\Users\barte\Desktop\robotframework-robocop\tests\test_data\indents.robot:53:8 [W] 0902 Line is under-indented
C:\Users\barte\Desktop\robotframework-robocop\tests\test_data\indents.robot:57:0 [E] 0903 Indent expected
C:\Users\barte\Desktop\robotframework-robocop\tests\test_data\indents.robot:73:0 [E] 0903 Indent expected
C:\Users\barte\Desktop\robotframework-robocop\tests\test_data\indents.robot:79:4 [W] 0902 Line is over-indented
C:\Users\barte\Desktop\robotframework-robocop\tests\test_data\indents.robot:82:0 [W] 1002 Missing trailing blank line at the end of file
C:\Users\barte\Desktop\robotframework-robocop\tests\test_data\indents.robot:16:0 [W] 1003 Invalid number of empty lines between sections (1/2)
C:\Users\barte\Desktop\robotframework-robocop\tests\test_data\indents.robot:45:0 [W] 1003 Invalid number of empty lines between sections (1/2)
C:\Users\barte\Desktop\robotframework-robocop\tests\test_data\indents.robot:63:0 [W] 1005 Invalid number of empty lines between keywords (2/1)
C:\Users\barte\Desktop\robotframework-robocop\tests\test_data\lines_spacing.robot:10:0 [W] 0702 Missing blank space after comment character
C:\Users\barte\Desktop\robotframework-robocop\tests\test_data\lines_spacing.robot:23:0 [W] 0502 Keyword have too few keywords inside (1/2)
C:\Users\barte\Desktop\robotframework-robocop\tests\test_data\lines_spacing.robot:25:0 [W] 0502 Keyword have too few keywords inside (1/2)
C:\Users\barte\Desktop\robotframework-robocop\tests\test_data\lines_spacing.robot:29:0 [W] 0502 Keyword have too few keywords inside (1/2)
C:\Users\barte\Desktop\robotframework-robocop\tests\test_data\lines_spacing.robot:22:17 [W] 1001 Trailing whitespace at the end of line
C:\Users\barte\Desktop\robotframework-robocop\tests\test_data\lines_spacing.robot:30:0 [W] 1002 Missing trailing blank line at the end of file
C:\Users\barte\Desktop\robotframework-robocop\tests\test_data\lines_spacing.robot:2:0 [W] 1003 Invalid number of empty lines between sections (0/2)
C:\Users\barte\Desktop\robotframework-robocop\tests\test_data\lines_spacing.robot:5:0 [W] 1003 Invalid number of empty lines between sections (1/2)
C:\Users\barte\Desktop\robotframework-robocop\tests\test_data\lines_spacing.robot:21:0 [W] 1003 Invalid number of empty lines between sections (3/2)
C:\Users\barte\Desktop\robotframework-robocop\tests\test_data\lines_spacing.robot:14:0 [W] 1004 Invalid number of empty lines between test cases (2/1)
C:\Users\barte\Desktop\robotframework-robocop\tests\test_data\lines_spacing.robot:16:0 [W] 1004 Invalid number of empty lines between test cases (0/1)
C:\Users\barte\Desktop\robotframework-robocop\tests\test_data\lines_spacing.robot:24:0 [W] 1005 Invalid number of empty lines between keywords (0/1)
C:\Users\barte\Desktop\robotframework-robocop\tests\test_data\lines_spacing.robot:28:0 [W] 1005 Invalid number of empty lines between keywords (2/1)
C:\Users\barte\Desktop\robotframework-robocop\tests\test_data\loops.robot:17:22 [W] 0701 Found TODO in comment
C:\Users\barte\Desktop\robotframework-robocop\tests\test_data\loops.robot:21:0 [E] 0901 Keyword call after [Return] statement
C:\Users\barte\Desktop\robotframework-robocop\tests\test_data\loops.robot:22:0 [E] 0901 Keyword call after Return From Keyword statement
C:\Users\barte\Desktop\robotframework-robocop\tests\test_data\loops.robot:18:0 [W] 0302 Keyword name should be capitalized
C:\Users\barte\Desktop\robotframework-robocop\tests\test_data\loops.robot:21:0 [W] 0302 Keyword name should be capitalized
C:\Users\barte\Desktop\robotframework-robocop\tests\test_data\loops.robot:22:0 [W] 1002 Missing trailing blank line at the end of file
C:\Users\barte\Desktop\robotframework-robocop\tests\test_data\loops.robot:3:0 [W] 1003 Invalid number of empty lines between sections (1/2)
C:\Users\barte\Desktop\robotframework-robocop\tests\test_data\loops.robot:11:0 [W] 1003 Invalid number of empty lines between sections (1/2)
C:\Users\barte\Desktop\robotframework-robocop\tests\test_data\missing_whitespace.robot:3:0 [E] 0401 Robot Framework syntax error: Non-existing setting 'Library StatusLib'.
C:\Users\barte\Desktop\robotframework-robocop\tests\test_data\missing_whitespace.robot:7:0 [E] 0401 Robot Framework syntax error: Invalid variable name '${var} 2'.
C:\Users\barte\Desktop\robotframework-robocop\tests\test_data\missing_whitespace.robot:12:0 [E] 0402 There should be at least two spaces after the [Documentation] setting
C:\Users\barte\Desktop\robotframework-robocop\tests\test_data\missing_whitespace.robot:14:0 [E] 0402 There should be at least two spaces after the [Teardown] setting
C:\Users\barte\Desktop\robotframework-robocop\tests\test_data\missing_whitespace.robot:12:0 [W] 0302 Keyword name should be capitalized
C:\Users\barte\Desktop\robotframework-robocop\tests\test_data\missing_whitespace.robot:14:0 [W] 1002 Missing trailing blank line at the end of file
C:\Users\barte\Desktop\robotframework-robocop\tests\test_data\resource.robot:1:0 [W] 0701 Found TODO in comment
C:\Users\barte\Desktop\robotframework-robocop\tests\test_data\resource.robot:17:18 [W] 0701 Found FIXME in comment
C:\Users\barte\Desktop\robotframework-robocop\tests\test_data\resource.robot:19:0 [E] 0401 Robot Framework syntax error: Unrecognized section header '*** Not Existing ***'. Valid sections: 'Settings', 'Variables', 'Keywords' and 'Comments'.
C:\Users\barte\Desktop\robotframework-robocop\tests\test_data\resource.robot:25:0 [W] 0502 Keyword have too few keywords inside (0/2)
C:\Users\barte\Desktop\robotframework-robocop\tests\test_data\resource.robot:1:0 [W] 0508 Section is empty
C:\Users\barte\Desktop\robotframework-robocop\tests\test_data\resource.robot:17:0 [E] 0901 Keyword call after [Return] statement
C:\Users\barte\Desktop\robotframework-robocop\tests\test_data\resource.robot:19:1 [W] 0902 Line is under-indented
C:\Users\barte\Desktop\robotframework-robocop\tests\test_data\resource.robot:13:0 [W] 0302 Keyword name should be capitalized
C:\Users\barte\Desktop\robotframework-robocop\tests\test_data\resource.robot:25:0 [W] 0302 Keyword name should be capitalized
C:\Users\barte\Desktop\robotframework-robocop\tests\test_data\resource.robot:4:0 [W] 1003 Invalid number of empty lines between sections (1/2)
C:\Users\barte\Desktop\robotframework-robocop\tests\test_data\resource.robot:8:23 [W] 0601 Tags should not contain spaces
C:\Users\barte\Desktop\robotframework-robocop\tests\test_data\returns.robot:23:0 [E] 0802 Multiple keywords with name "This Is Keyword4" in file
C:\Users\barte\Desktop\robotframework-robocop\tests\test_data\returns.robot:35:0 [E] 0802 Multiple keywords with name "This Is Keyword4" in file
C:\Users\barte\Desktop\robotframework-robocop\tests\test_data\returns.robot:27:0 [E] 0802 Multiple keywords with name "This Is Keyword5" in file
C:\Users\barte\Desktop\robotframework-robocop\tests\test_data\returns.robot:39:0 [E] 0802 Multiple keywords with name "This Is Keyword5" in file
C:\Users\barte\Desktop\robotframework-robocop\tests\test_data\returns.robot:31:0 [E] 0802 Multiple keywords with name "This Is Keyword6" in file
C:\Users\barte\Desktop\robotframework-robocop\tests\test_data\returns.robot:43:0 [E] 0802 Multiple keywords with name "This Is Keyword6" in file
C:\Users\barte\Desktop\robotframework-robocop\tests\test_data\returns.robot:21:0 [W] 0509 Too many return values (5/4)
C:\Users\barte\Desktop\robotframework-robocop\tests\test_data\returns.robot:33:0 [W] 0509 Too many return values (5/4)
C:\Users\barte\Desktop\robotframework-robocop\tests\test_data\returns.robot:46:0 [W] 0509 Too many return values (5/4)
C:\Users\barte\Desktop\robotframework-robocop\tests\test_data\returns.robot:47:0 [W] 1002 Missing trailing blank line at the end of file
C:\Users\barte\Desktop\robotframework-robocop\tests\test_data\returns.robot:4:0 [W] 1003 Invalid number of empty lines between sections (1/2)
C:\Users\barte\Desktop\robotframework-robocop\tests\test_data\returns.robot:9:0 [W] 1003 Invalid number of empty lines between sections (1/2)
C:\Users\barte\Desktop\robotframework-robocop\tests\test_data\tag_scopes.robot:5:0 [W] 1003 Invalid number of empty lines between sections (1/2)
C:\Users\barte\Desktop\robotframework-robocop\tests\test_data\tag_scopes.robot:9:13 [I] 0606 This tag is already set by Force Tags in suite settings
C:\Users\barte\Desktop\robotframework-robocop\tests\test_data\tag_scopes.robot:9:28 [I] 0606 This tag is already set by Force Tags in suite settings
C:\Users\barte\Desktop\robotframework-robocop\tests\test_data\tag_scopes.robot:13:19 [I] 0606 This tag is already set by Force Tags in suite settings
C:\Users\barte\Desktop\robotframework-robocop\tests\test_data\tag_scopes.robot:17:30 [I] 0606 This tag is already set by Force Tags in suite settings
C:\Users\barte\Desktop\robotframework-robocop\tests\test_data\tag_scopes.robot:4:0 [I] 0607 Tags defined in Default Tags are always overwritten
C:\Users\barte\Desktop\robotframework-robocop\tests\test_data\tag_scopes.robot:3:0 [I] 0605 All tests in suite share those tags: "smth". You can define them in Force Tags in suite settings instead
C:\Users\barte\Desktop\robotframework-robocop\tests\test_data\test.robot:19:4 [W] 0702 Missing blank space after comment character
C:\Users\barte\Desktop\robotframework-robocop\tests\test_data\test.robot:12:0 [E] 0801 Multiple test cases with name "Test" in suite
C:\Users\barte\Desktop\robotframework-robocop\tests\test_data\test.robot:22:0 [E] 0801 Multiple test cases with name "Test" in suite
C:\Users\barte\Desktop\robotframework-robocop\tests\test_data\test.robot:7:0 [E] 0401 Robot Framework syntax error: Setting 'Force Tags' is allowed only once. Only the first value is used.
C:\Users\barte\Desktop\robotframework-robocop\tests\test_data\test.robot:32:0 [W] 0502 Keyword have too few keywords inside (1/2)
C:\Users\barte\Desktop\robotframework-robocop\tests\test_data\test.robot:36:0 [W] 0502 Keyword have too few keywords inside (1/2)
C:\Users\barte\Desktop\robotframework-robocop\tests\test_data\test.robot:39:0 [W] 0502 Keyword have too few keywords inside (1/2)
C:\Users\barte\Desktop\robotframework-robocop\tests\test_data\test.robot:42:0 [W] 0502 Keyword have too few keywords inside (1/2)
C:\Users\barte\Desktop\robotframework-robocop\tests\test_data\test.robot:46:0 [W] 0502 Keyword have too few keywords inside (0/2)
C:\Users\barte\Desktop\robotframework-robocop\tests\test_data\test.robot:28:0 [W] 0507 Line is too long (139/100)
C:\Users\barte\Desktop\robotframework-robocop\tests\test_data\test.robot:29:0 [W] 0507 Line is too long (142/100)
C:\Users\barte\Desktop\robotframework-robocop\tests\test_data\test.robot:17:4 [W] 0902 Line is under-indented
C:\Users\barte\Desktop\robotframework-robocop\tests\test_data\test.robot:37:5 [W] 0902 Line is over-indented
C:\Users\barte\Desktop\robotframework-robocop\tests\test_data\test.robot:40:5 [W] 0902 Line is over-indented
C:\Users\barte\Desktop\robotframework-robocop\tests\test_data\test.robot:25:23 [W] 0301 Invalid character . in test case name
C:\Users\barte\Desktop\robotframework-robocop\tests\test_data\test.robot:42:26 [W] 0301 Invalid character ? in keyword name
C:\Users\barte\Desktop\robotframework-robocop\tests\test_data\test.robot:44:0 [W] 0302 Keyword name should be capitalized
C:\Users\barte\Desktop\robotframework-robocop\tests\test_data\test.robot:10:0 [W] 1003 Invalid number of empty lines between sections (1/2)
C:\Users\barte\Desktop\robotframework-robocop\tests\test_data\test.robot:30:0 [W] 1003 Invalid number of empty lines between sections (1/2)
C:\Users\barte\Desktop\robotframework-robocop\tests\test_data\test.robot:21:0 [W] 1004 Invalid number of empty lines between test cases (2/1)
C:\Users\barte\Desktop\robotframework-robocop\tests\test_data\test.robot:9:27 [W] 0601 Tags should not contain spaces
C:\Users\barte\Desktop\robotframework-robocop\tests\test_data\test.robot:47:13 [I] 0602 Tag with reserved word OR/AND. Hint: make sure to include this tag using lowercase name to avoid issues
C:\Users\barte\Desktop\robotframework-robocop\tests\test_data\test.robot:47:42 [W] 0601 Tags should not contain spaces
C:\Users\barte\Desktop\robotframework-robocop\tests\test_data\test.robot:47:84 [W] 0603 Tag prefixed with reserved word `robot:`. Only allowed tag with this prefix is robot:no-dry-run
C:\Users\barte\Desktop\robotframework-robocop\tests\test_data\test.txt:11:0 [W] 0502 Keyword have too few keywords inside (1/2)
C:\Users\barte\Desktop\robotframework-robocop\tests\test_data\test.txt:18:0 [W] 0302 Keyword name should be capitalized
C:\Users\barte\Desktop\robotframework-robocop\tests\test_data\test.txt:4:0 [W] 1003 Invalid number of empty lines between sections (1/2)
C:\Users\barte\Desktop\robotframework-robocop\tests\test_data\test.txt:9:0 [W] 1003 Invalid number of empty lines between sections (1/2)
C:\Users\barte\Desktop\robotframework-robocop\tests\test_data\test.txt:14:0 [W] 1003 Invalid number of empty lines between sections (0/2)
C:\Users\barte\Desktop\robotframework-robocop\tests\test_data\two_disablers_blocks.robot:5:0 [W] 1003 Invalid number of empty lines between sections (1/2)
C:\Users\barte\Desktop\robotframework-robocop\tests\test_data\__init__.robot:1:0 [E] 0401 Robot Framework syntax error: 'Test Cases' section is not allowed in suite initialization file.
C:\Users\barte\Desktop\robotframework-robocop\tests\test_data\__init__.robot:6:0 [W] 0502 Keyword have too few keywords inside (1/2)
C:\Users\barte\Desktop\robotframework-robocop\tests\test_data\__init__.robot:6:0 [W] 0302 Keyword name should be capitalized
C:\Users\barte\Desktop\robotframework-robocop\tests\test_data\__init__.robot:7:0 [W] 1002 Missing trailing blank line at the end of file

Issues by ids:
W1003 (empty-lines-between-sections)    : 24
W0902 (ineven-indent)                   : 16
W0502 (too-few-calls-in-keyword)        : 14
W1002 (missing-trailing-blank-line)     : 12
W0302 (not-capitalized-keyword-name)    : 11
E0401 (parsing-error)                   : 11
E0802 (duplicated-keyword)              : 8
W0508 (empty-section)                   : 6
E0801 (duplicated-test-case)            : 4
W0806 (duplicated-metadata)             : 4
W1001 (trailing-whitespace)             : 4
W0702 (missing-space-after-comment)     : 4
I0606 (tag-already-set-in-force-tags)   : 4
E0803 (duplicated-variable)             : 3
W1005 (empty-lines-between-keywords)    : 3
W1004 (empty-lines-between-test-cases)  : 3
W0701 (todo-in-comment)                 : 3
E0901 (keyword-after-return)            : 3
W0601 (tag-with-space)                  : 3
W0509 (number-of-returned-values)       : 3
W0804 (duplicated-resource)             : 2
W0805 (duplicated-library)              : 2
W0523 (empty-timeout)                   : 2
E0520 (empty-teardown)                  : 2
E0903 (bad-indent)                      : 2
E0402 (missing-whitespace-after-setting) : 2
W0507 (line-too-long)                   : 2
W0301 (invalid-char-in-name)            : 2
W0510 (empty-metadata)                  : 1
W0512 (empty-force-tags)                : 1
W0513 (empty-default-tags)              : 1
E0516 (empty-library-import)            : 1
E0515 (empty-resource-import)           : 1
E0514 (empty-variables-import)          : 1
E0518 (empty-suite-setup)               : 1
E0521 (empty-suite-teardown)            : 1
E0519 (empty-test-setup)                : 1
E0522 (empty-test-teardown)             : 1
W0524 (empty-test-timeout)              : 1
E0517 (empty-setup)                     : 1
E0525 (empty-arguments)                 : 1
I0607 (unnecessary-default-tags)        : 1
I0605 (could-be-forced-tags)            : 1
I0602 (tag-with-or-and)                 : 1
W0603 (tag-with-reserved)               : 1

Found 176 issue(s): 125 WARNING(s), 44 ERROR(s), 7 INFO(s).
